16:58:48 GET /success 1.1 500 Mozilla/5.0 (Windows NT 10.0; Win64; x64; rv:109.0) Gecko/20100101 Firefox/114.0 4.585 
16:59:38 GET /success 1.1 500 Mozilla/5.0 (Windows NT 10.0; Win64; x64; rv:109.0) Gecko/20100101 Firefox/114.0 6.982 
17:01:05 GET /google-callback 1.1 404 Mozilla/5.0 (Windows NT 10.0; Win64; x64; rv:109.0) Gecko/20100101 Firefox/114.0 1.801 
17:01:11 GET /auth/google-callback 1.1 404 Mozilla/5.0 (Windows NT 10.0; Win64; x64; rv:109.0) Gecko/20100101 Firefox/114.0 1.104 
17:10:24 GET /success 1.1 500 Mozilla/5.0 (Windows NT 10.0; Win64; x64; rv:109.0) Gecko/20100101 Firefox/114.0 4.574 
18:23:35 GET /favicon.ico 1.1 404 Mozilla/5.0 (Windows NT 10.0; Win64; x64; rv:109.0) Gecko/20100101 Firefox/114.0 4.824 
18:28:57 GET /success 1.1 500 Mozilla/5.0 (Windows NT 10.0; Win64; x64; rv:109.0) Gecko/20100101 Firefox/114.0 10.342 
19:21:48 GET /favicon.ico 1.1 404 Mozilla/5.0 (Windows NT 10.0; Win64; x64) AppleWebKit/537.36 (KHTML, like Gecko) Chrome/114.0.0.0 Safari/537.36 2.110 
19:23:23 GET /success 1.1 400 Mozilla/5.0 (Windows NT 10.0; Win64; x64; rv:109.0) Gecko/20100101 Firefox/114.0 25.348 
19:24:53 GET /success 1.1 400 Mozilla/5.0 (Windows NT 10.0; Win64; x64; rv:109.0) Gecko/20100101 Firefox/114.0 31.598 
19:35:56 GET /success 1.1 400 Mozilla/5.0 (Windows NT 10.0; Win64; x64; rv:109.0) Gecko/20100101 Firefox/114.0 26.155 
19:36:27 GET /success 1.1 400 Mozilla/5.0 (Windows NT 10.0; Win64; x64; rv:109.0) Gecko/20100101 Firefox/114.0 41.167 
19:37:27 GET /success 1.1 400 Mozilla/5.0 (Windows NT 10.0; Win64; x64; rv:109.0) Gecko/20100101 Firefox/114.0 39.618 
19:38:35 GET /success 1.1 400 Mozilla/5.0 (Windows NT 10.0; Win64; x64; rv:109.0) Gecko/20100101 Firefox/114.0 39.090 
19:39:17 GET /success 1.1 400 Mozilla/5.0 (Windows NT 10.0; Win64; x64; rv:109.0) Gecko/20100101 Firefox/114.0 35.412 
19:39:46 GET /success 1.1 400 Mozilla/5.0 (Windows NT 10.0; Win64; x64; rv:109.0) Gecko/20100101 Firefox/114.0 40.481 
19:40:27 GET /success 1.1 400 Mozilla/5.0 (Windows NT 10.0; Win64; x64; rv:109.0) Gecko/20100101 Firefox/114.0 32.997 
19:40:54 GET /success 1.1 400 Mozilla/5.0 (Windows NT 10.0; Win64; x64; rv:109.0) Gecko/20100101 Firefox/114.0 38.063 
19:41:36 GET /success 1.1 400 Mozilla/5.0 (Windows NT 10.0; Win64; x64; rv:109.0) Gecko/20100101 Firefox/114.0 16697.137 
19:47:12 GET /favicon.ico 1.1 404 Mozilla/5.0 (Windows NT 10.0; Win64; x64; rv:109.0) Gecko/20100101 Firefox/114.0 3.240 
19:51:57 GET /success 1.1 400 Mozilla/5.0 (Windows NT 10.0; Win64; x64; rv:109.0) Gecko/20100101 Firefox/114.0 20.965 
19:52:02 GET /success 1.1 400 Mozilla/5.0 (Windows NT 10.0; Win64; x64; rv:109.0) Gecko/20100101 Firefox/114.0 16.491 
19:52:31 GET /success 1.1 400 Mozilla/5.0 (Windows NT 10.0; Win64; x64; rv:109.0) Gecko/20100101 Firefox/114.0 32.258 
19:53:43 GET /success 1.1 400 Mozilla/5.0 (Windows NT 10.0; Win64; x64; rv:109.0) Gecko/20100101 Firefox/114.0 7.231 
19:54:30 GET /success 1.1 400 Mozilla/5.0 (Windows NT 10.0; Win64; x64; rv:109.0) Gecko/20100101 Firefox/114.0 14.646 
20:05:00 GET /success 1.1 500 Mozilla/5.0 (Windows NT 10.0; Win64; x64; rv:109.0) Gecko/20100101 Firefox/114.0 23.207 
20:08:12 GET /logout 1.1 404 Mozilla/5.0 (Windows NT 10.0; Win64; x64; rv:109.0) Gecko/20100101 Firefox/114.0 1.723 
20:08:29 GET /success 1.1 400 Mozilla/5.0 (Windows NT 10.0; Win64; x64; rv:109.0) Gecko/20100101 Firefox/114.0 7.076 
20:08:34 GET /logout 1.1 500 Mozilla/5.0 (Windows NT 10.0; Win64; x64; rv:109.0) Gecko/20100101 Firefox/114.0 2.994 
20:09:55 GET /logout 1.1 500 Mozilla/5.0 (Windows NT 10.0; Win64; x64; rv:109.0) Gecko/20100101 Firefox/114.0 2.929 
20:10:27 GET /logout 1.1 500 Mozilla/5.0 (Windows NT 10.0; Win64; x64; rv:109.0) Gecko/20100101 Firefox/114.0 5.923 
20:10:28 GET /logout 1.1 500 Mozilla/5.0 (Windows NT 10.0; Win64; x64; rv:109.0) Gecko/20100101 Firefox/114.0 1.838 
20:10:32 GET /logout 1.1 500 Mozilla/5.0 (Windows NT 10.0; Win64; x64; rv:109.0) Gecko/20100101 Firefox/114.0 0.962 
20:21:46 GET /favicon.ico 1.1 404 Mozilla/5.0 (Windows NT 10.0; Win64; x64; rv:109.0) Gecko/20100101 Firefox/114.0 3.054 
20:32:20 GET /success 1.1 400 Mozilla/5.0 (Windows NT 10.0; Win64; x64; rv:109.0) Gecko/20100101 Firefox/114.0 9.506 
20:32:27 GET /favicon.ico 1.1 404 Mozilla/5.0 (Windows NT 10.0; Win64; x64; rv:109.0) Gecko/20100101 Firefox/114.0 3.115 
20:34:01 GET /favicon.ico 1.1 404 Mozilla/5.0 (Windows NT 10.0; Win64; x64; rv:109.0) Gecko/20100101 Firefox/114.0 5.953 
20:35:56 GET /%user.image.url%20% 1.1 404 Mozilla/5.0 (Windows NT 10.0; Win64; x64; rv:109.0) Gecko/20100101 Firefox/114.0 1.383 
20:36:00 GET /%user.image.url%20% 1.1 404 Mozilla/5.0 (Windows NT 10.0; Win64; x64; rv:109.0) Gecko/20100101 Firefox/114.0 0.854 
20:36:07 GET /%user.image.url% 1.1 404 Mozilla/5.0 (Windows NT 10.0; Win64; x64; rv:109.0) Gecko/20100101 Firefox/114.0 0.685 
20:36:09 GET /favicon.ico 1.1 404 Mozilla/5.0 (Windows NT 10.0; Win64; x64; rv:109.0) Gecko/20100101 Firefox/114.0 1.961 
20:36:11 GET /%user.image.url% 1.1 404 Mozilla/5.0 (Windows NT 10.0; Win64; x64; rv:109.0) Gecko/20100101 Firefox/114.0 0.864 
20:36:56 GET /$%7Breq.user.imageUrl%7D 1.1 404 Mozilla/5.0 (Windows NT 10.0; Win64; x64; rv:109.0) Gecko/20100101 Firefox/114.0 1.122 
20:37:01 GET /$%7Breq.user.imageUrl%7D 1.1 404 Mozilla/5.0 (Windows NT 10.0; Win64; x64; rv:109.0) Gecko/20100101 Firefox/114.0 2.665 
20:37:03 GET /favicon.ico 1.1 404 Mozilla/5.0 (Windows NT 10.0; Win64; x64; rv:109.0) Gecko/20100101 Firefox/114.0 1.303 
20:37:21 GET /$%7Buser.image.url%7D 1.1 404 Mozilla/5.0 (Windows NT 10.0; Win64; x64; rv:109.0) Gecko/20100101 Firefox/114.0 0.681 
20:37:23 GET /favicon.ico 1.1 404 Mozilla/5.0 (Windows NT 10.0; Win64; x64; rv:109.0) Gecko/20100101 Firefox/114.0 1.090 
20:37:35 GET /$%7Buser.image.url%7D 1.1 404 Mozilla/5.0 (Windows NT 10.0; Win64; x64; rv:109.0) Gecko/20100101 Firefox/114.0 2.440 
20:39:14 GET /success 1.1 500 Mozilla/5.0 (Windows NT 10.0; Win64; x64; rv:109.0) Gecko/20100101 Firefox/114.0 12.870 
20:39:14 GET /favicon.ico 1.1 404 Mozilla/5.0 (Windows NT 10.0; Win64; x64; rv:109.0) Gecko/20100101 Firefox/114.0 1.101 
20:39:35 GET /success 1.1 500 Mozilla/5.0 (Windows NT 10.0; Win64; x64; rv:109.0) Gecko/20100101 Firefox/114.0 5.922 
20:39:37 GET /favicon.ico 1.1 404 Mozilla/5.0 (Windows NT 10.0; Win64; x64; rv:109.0) Gecko/20100101 Firefox/114.0 0.645 
20:39:38 GET /success 1.1 500 Mozilla/5.0 (Windows NT 10.0; Win64; x64; rv:109.0) Gecko/20100101 Firefox/114.0 10.737 
20:41:53 GET /success 1.1 500 Mozilla/5.0 (Windows NT 10.0; Win64; x64; rv:109.0) Gecko/20100101 Firefox/114.0 10.103 
20:45:43 GET /favicon.ico 1.1 404 Mozilla/5.0 (Windows NT 10.0; Win64; x64; rv:109.0) Gecko/20100101 Firefox/114.0 2.373 
20:46:29 GET /favicon.ico 1.1 404 Mozilla/5.0 (Windows NT 10.0; Win64; x64; rv:109.0) Gecko/20100101 Firefox/114.0 1.127 
20:46:45 GET /favicon.ico 1.1 404 Mozilla/5.0 (Windows NT 10.0; Win64; x64; rv:109.0) Gecko/20100101 Firefox/114.0 3.355 
20:47:07 GET /favicon.ico 1.1 404 Mozilla/5.0 (Windows NT 10.0; Win64; x64; rv:109.0) Gecko/20100101 Firefox/114.0 0.907 
20:47:50 GET /favicon.ico 1.1 404 Mozilla/5.0 (Windows NT 10.0; Win64; x64; rv:109.0) Gecko/20100101 Firefox/114.0 5.053 
20:48:46 GET /favicon.ico 1.1 404 Mozilla/5.0 (Windows NT 10.0; Win64; x64; rv:109.0) Gecko/20100101 Firefox/114.0 0.892 
20:49:56 GET /favicon.ico 1.1 404 Mozilla/5.0 (Windows NT 10.0; Win64; x64; rv:109.0) Gecko/20100101 Firefox/114.0 2.754 
20:50:17 GET /favicon.ico 1.1 404 Mozilla/5.0 (Windows NT 10.0; Win64; x64; rv:109.0) Gecko/20100101 Firefox/114.0 1.299 
20:50:31 GET /favicon.ico 1.1 404 Mozilla/5.0 (Windows NT 10.0; Win64; x64; rv:109.0) Gecko/20100101 Firefox/114.0 0.905 
20:52:16 GET /favicon.ico 1.1 404 Mozilla/5.0 (Windows NT 10.0; Win64; x64; rv:109.0) Gecko/20100101 Firefox/114.0 0.816 
20:52:55 GET /favicon.ico 1.1 404 Mozilla/5.0 (Windows NT 10.0; Win64; x64; rv:109.0) Gecko/20100101 Firefox/114.0 1.376 
20:56:47 GET /favicon.ico 1.1 404 Mozilla/5.0 (Windows NT 10.0; Win64; x64; rv:109.0) Gecko/20100101 Firefox/114.0 0.824 
20:58:45 GET /favicon.ico 1.1 404 Mozilla/5.0 (Windows NT 10.0; Win64; x64; rv:109.0) Gecko/20100101 Firefox/114.0 1.025 
21:00:33 GET /favicon.ico 1.1 404 Mozilla/5.0 (Windows NT 10.0; Win64; x64; rv:109.0) Gecko/20100101 Firefox/114.0 3.993 
21:01:10 GET /favicon.ico 1.1 404 Mozilla/5.0 (Windows NT 10.0; Win64; x64; rv:109.0) Gecko/20100101 Firefox/114.0 0.947 
21:03:43 GET /favicon.ico 1.1 404 Mozilla/5.0 (Windows NT 10.0; Win64; x64; rv:109.0) Gecko/20100101 Firefox/114.0 0.845 
21:03:56 GET /favicon.ico 1.1 404 Mozilla/5.0 (Windows NT 10.0; Win64; x64; rv:109.0) Gecko/20100101 Firefox/114.0 3.437 
21:07:48 GET /favicon.ico 1.1 404 Mozilla/5.0 (Windows NT 10.0; Win64; x64; rv:109.0) Gecko/20100101 Firefox/114.0 0.647 
21:09:05 GET /favicon.ico 1.1 404 Mozilla/5.0 (Windows NT 10.0; Win64; x64; rv:109.0) Gecko/20100101 Firefox/114.0 0.831 
21:09:24 GET /favicon.ico 1.1 404 Mozilla/5.0 (Windows NT 10.0; Win64; x64; rv:109.0) Gecko/20100101 Firefox/114.0 3.171 
21:10:06 GET /favicon.ico 1.1 404 Mozilla/5.0 (Windows NT 10.0; Win64; x64; rv:109.0) Gecko/20100101 Firefox/114.0 0.832 
21:15:37 GET /favicon.ico 1.1 404 Mozilla/5.0 (Windows NT 10.0; Win64; x64; rv:109.0) Gecko/20100101 Firefox/114.0 0.598 
21:16:33 GET /favicon.ico 1.1 404 Mozilla/5.0 (Windows NT 10.0; Win64; x64; rv:109.0) Gecko/20100101 Firefox/114.0 0.977 
21:16:56 GET /favicon.ico 1.1 404 Mozilla/5.0 (Windows NT 10.0; Win64; x64; rv:109.0) Gecko/20100101 Firefox/114.0 1.073 
21:18:35 GET /favicon.ico 1.1 404 Mozilla/5.0 (Windows NT 10.0; Win64; x64; rv:109.0) Gecko/20100101 Firefox/114.0 1.197 
21:38:09 GET /startNormal 1.1 404 PostmanRuntime/7.32.3 5.182 
21:38:21 PUT /cards/cards 1.1 404 PostmanRuntime/7.32.3 1.336 
21:38:26 PUT /api/cards/cards 1.1 404 PostmanRuntime/7.32.3 2.269 
21:39:30 POST /api/users/users/ 1.1 400 PostmanRuntime/7.32.3 35.732 
